2024-08-07 19:30:06,083 - logs.logger - DEBUG - Datos combinados para 315114-0000: {'components': {'_id': ObjectId('66b39430032b8a6e9bca6036'), 'ci_identification': '315114-0000', 'pbs_name': 'Variable Attenuator Xe', 'pbs_acronym': 'CM VA Xe', 'pbs_level': 6, 'pbs_system': 3, 'pbs_subsystem': 1, 'pbs_module': 5, 'pbs_unit': 1, 'pbs_assembly': 1, 'pbs_subassembly': 4, 'pbs_component': 0, 'notes_and_comments': 'Added 10/02/2023'}, 'electrical': {'_id': ObjectId('66b3a557f4c5bc7c5865132f'), 'ci_identification': '315114-0000', 'electrical_power_budget': nan, 'electrical_current_ps_only': nan, 'electrical_voltaje_dc': nan, 'electrical_voltaje_ac': nan, 'electrical_initialization_power': nan, 'electrical_initialization_current': nan, 'electrical_standby_power': nan, 'electrical_standby_current': nan, 'electrical_calibration_power': nan, 'electrical_calibration_current': nan, 'electrical_observation_power': nan, 'electrical_observation_current': nan, 'electrical_maintenance_power': nan, 'electrical_maintenance_current': nan, 'electrical_ups_power_required': False, 'electrical_ups_power_time_required_ups': nan, 'cables_function': 'nan', 'cables_max_length': nan, 'cables_length': nan, 'cables_outer_diameter': nan, 'cables_min_bending_radius_dynamic': nan, 'cables_min_bending_radius_static': nan, 'cables_mass_density': nan}, 'mechanical': {'_id': ObjectId('66b3a66d1c1bc9c73b237db6'), 'ci_identification': '315114-0000', 'mechanical_mass': 1.0, 'mechanical_material': 'nan', 'mechanical_treatment': 'nan', 'mechanical_coating': 'nan', 'mechanical_step_link': 'nan'}, 'procurement': {'_id': ObjectId('66b3a8f4272e5f750b95692a'), 'ci_identification': '315114-0000', 'procurement_supplier': 'PROLITE', 'procurement_manufacturer': 'LABSPHERE', 'manufacturer_part_number': 'VAA-220B - Advanced', 'procurement_catalog_reference': 'nan', 'procurement_cost_unit': nan, 'procurement_cost_status': 'nan', 'procurement_quantity': nan}, 'thermical': {'_id': ObjectId('66b3a98bc51fd3d8bceba0d8'), 'ci_identification': '315114-0000', 'thermical_heat_dissipated': nan, 'thermical_head_load_to_air': nan, 'thermical_head_load_to_coolant': nan, 'thermical_skin_temperature_above_ambient': nan, 'thermical_requires_cooling': 0.0}}
2024-08-07 19:30:15,806 - logs.logger - DEBUG - Datos combinados para 315114-0000: {'components': {'_id': ObjectId('66b39430032b8a6e9bca6036'), 'ci_identification': '315114-0000', 'pbs_name': 'Variable Attenuator Xe', 'pbs_acronym': 'CM VA Xe', 'pbs_level': 6, 'pbs_system': 3, 'pbs_subsystem': 1, 'pbs_module': 5, 'pbs_unit': 1, 'pbs_assembly': 1, 'pbs_subassembly': 4, 'pbs_component': 0, 'notes_and_comments': 'Added 10/02/2023'}, 'electrical': {'_id': ObjectId('66b3a557f4c5bc7c5865132f'), 'ci_identification': '315114-0000', 'electrical_power_budget': nan, 'electrical_current_ps_only': nan, 'electrical_voltaje_dc': nan, 'electrical_voltaje_ac': nan, 'electrical_initialization_power': nan, 'electrical_initialization_current': nan, 'electrical_standby_power': nan, 'electrical_standby_current': nan, 'electrical_calibration_power': nan, 'electrical_calibration_current': nan, 'electrical_observation_power': nan, 'electrical_observation_current': nan, 'electrical_maintenance_power': nan, 'electrical_maintenance_current': nan, 'electrical_ups_power_required': False, 'electrical_ups_power_time_required_ups': nan, 'cables_function': 'nan', 'cables_max_length': nan, 'cables_length': nan, 'cables_outer_diameter': nan, 'cables_min_bending_radius_dynamic': nan, 'cables_min_bending_radius_static': nan, 'cables_mass_density': nan}, 'mechanical': {'_id': ObjectId('66b3a66d1c1bc9c73b237db6'), 'ci_identification': '315114-0000', 'mechanical_mass': 1.0, 'mechanical_material': 'nan', 'mechanical_treatment': 'nan', 'mechanical_coating': 'nan', 'mechanical_step_link': 'nan'}, 'procurement': {'_id': ObjectId('66b3a8f4272e5f750b95692a'), 'ci_identification': '315114-0000', 'procurement_supplier': 'PROLITE', 'procurement_manufacturer': 'LABSPHERE', 'manufacturer_part_number': 'VAA-220B - Advanced', 'procurement_catalog_reference': 'nan', 'procurement_cost_unit': nan, 'procurement_cost_status': 'nan', 'procurement_quantity': nan}, 'thermical': {'_id': ObjectId('66b3a98bc51fd3d8bceba0d8'), 'ci_identification': '315114-0000', 'thermical_heat_dissipated': nan, 'thermical_head_load_to_air': nan, 'thermical_head_load_to_coolant': nan, 'thermical_skin_temperature_above_ambient': nan, 'thermical_requires_cooling': 0.0}}
2024-08-07 19:30:18,448 - logs.logger - DEBUG - Datos combinados para 315114-0000: {'components': {'_id': ObjectId('66b39430032b8a6e9bca6036'), 'ci_identification': '315114-0000', 'pbs_name': 'Variable Attenuator Xe', 'pbs_acronym': 'CM VA Xe', 'pbs_level': 6, 'pbs_system': 3, 'pbs_subsystem': 1, 'pbs_module': 5, 'pbs_unit': 1, 'pbs_assembly': 1, 'pbs_subassembly': 4, 'pbs_component': 0, 'notes_and_comments': 'Added 10/02/2023'}, 'electrical': {'_id': ObjectId('66b3a557f4c5bc7c5865132f'), 'ci_identification': '315114-0000', 'electrical_power_budget': nan, 'electrical_current_ps_only': nan, 'electrical_voltaje_dc': nan, 'electrical_voltaje_ac': nan, 'electrical_initialization_power': nan, 'electrical_initialization_current': nan, 'electrical_standby_power': nan, 'electrical_standby_current': nan, 'electrical_calibration_power': nan, 'electrical_calibration_current': nan, 'electrical_observation_power': nan, 'electrical_observation_current': nan, 'electrical_maintenance_power': nan, 'electrical_maintenance_current': nan, 'electrical_ups_power_required': False, 'electrical_ups_power_time_required_ups': nan, 'cables_function': 'nan', 'cables_max_length': nan, 'cables_length': nan, 'cables_outer_diameter': nan, 'cables_min_bending_radius_dynamic': nan, 'cables_min_bending_radius_static': nan, 'cables_mass_density': nan}, 'mechanical': {'_id': ObjectId('66b3a66d1c1bc9c73b237db6'), 'ci_identification': '315114-0000', 'mechanical_mass': 1.0, 'mechanical_material': 'nan', 'mechanical_treatment': 'nan', 'mechanical_coating': 'nan', 'mechanical_step_link': 'nan'}, 'procurement': {'_id': ObjectId('66b3a8f4272e5f750b95692a'), 'ci_identification': '315114-0000', 'procurement_supplier': 'PROLITE', 'procurement_manufacturer': 'LABSPHERE', 'manufacturer_part_number': 'VAA-220B - Advanced', 'procurement_catalog_reference': 'nan', 'procurement_cost_unit': nan, 'procurement_cost_status': 'nan', 'procurement_quantity': nan}, 'thermical': {'_id': ObjectId('66b3a98bc51fd3d8bceba0d8'), 'ci_identification': '315114-0000', 'thermical_heat_dissipated': nan, 'thermical_head_load_to_air': nan, 'thermical_head_load_to_coolant': nan, 'thermical_skin_temperature_above_ambient': nan, 'thermical_requires_cooling': 0.0}}
2024-08-07 19:30:20,905 - logs.logger - DEBUG - Datos combinados para 315114-0000: {'components': {'_id': ObjectId('66b39430032b8a6e9bca6036'), 'ci_identification': '315114-0000', 'pbs_name': 'Variable Attenuator Xe', 'pbs_acronym': 'CM VA Xe', 'pbs_level': 6, 'pbs_system': 3, 'pbs_subsystem': 1, 'pbs_module': 5, 'pbs_unit': 1, 'pbs_assembly': 1, 'pbs_subassembly': 4, 'pbs_component': 0, 'notes_and_comments': 'Added 10/02/2023'}, 'electrical': {'_id': ObjectId('66b3a557f4c5bc7c5865132f'), 'ci_identification': '315114-0000', 'electrical_power_budget': nan, 'electrical_current_ps_only': nan, 'electrical_voltaje_dc': nan, 'electrical_voltaje_ac': nan, 'electrical_initialization_power': nan, 'electrical_initialization_current': nan, 'electrical_standby_power': nan, 'electrical_standby_current': nan, 'electrical_calibration_power': nan, 'electrical_calibration_current': nan, 'electrical_observation_power': nan, 'electrical_observation_current': nan, 'electrical_maintenance_power': nan, 'electrical_maintenance_current': nan, 'electrical_ups_power_required': False, 'electrical_ups_power_time_required_ups': nan, 'cables_function': 'nan', 'cables_max_length': nan, 'cables_length': nan, 'cables_outer_diameter': nan, 'cables_min_bending_radius_dynamic': nan, 'cables_min_bending_radius_static': nan, 'cables_mass_density': nan}, 'mechanical': {'_id': ObjectId('66b3a66d1c1bc9c73b237db6'), 'ci_identification': '315114-0000', 'mechanical_mass': 1.0, 'mechanical_material': 'nan', 'mechanical_treatment': 'nan', 'mechanical_coating': 'nan', 'mechanical_step_link': 'nan'}, 'procurement': {'_id': ObjectId('66b3a8f4272e5f750b95692a'), 'ci_identification': '315114-0000', 'procurement_supplier': 'PROLITE', 'procurement_manufacturer': 'LABSPHERE', 'manufacturer_part_number': 'VAA-220B - Advanced', 'procurement_catalog_reference': 'nan', 'procurement_cost_unit': nan, 'procurement_cost_status': 'nan', 'procurement_quantity': nan}, 'thermical': {'_id': ObjectId('66b3a98bc51fd3d8bceba0d8'), 'ci_identification': '315114-0000', 'thermical_heat_dissipated': nan, 'thermical_head_load_to_air': nan, 'thermical_head_load_to_coolant': nan, 'thermical_skin_temperature_above_ambient': nan, 'thermical_requires_cooling': 0.0}}
2024-08-07 19:37:09,104 - logs.logger - DEBUG - -----> Request received: /search/ci_identification/315114-0000
2024-08-07 19:37:09,104 - logs.logger - DEBUG - get_component_by_field: field_name=ci_identification, field_value=315114-0000, multiple=False
2024-08-07 19:37:09,104 - logs.logger - DEBUG - Buscando componentes con ci_identification=315114-0000
2024-08-07 19:37:09,106 - logs.logger - DEBUG - Componentes encontrados: 1
2024-08-07 19:37:18,208 - logs.logger - DEBUG - -----> Request received: /search/ci_identification/315114-0000
2024-08-07 19:37:18,208 - logs.logger - DEBUG - get_component_by_field: field_name=ci_identification, field_value=315114-0000, multiple=False
2024-08-07 19:37:18,208 - logs.logger - DEBUG - Buscando componentes con ci_identification=315114-0000
2024-08-07 19:37:18,209 - logs.logger - DEBUG - Componentes encontrados: 1
2024-08-07 19:41:05,761 - logs.logger - DEBUG - -----> Request received: /search/ci_identification/315114-0000
2024-08-07 19:41:05,761 - logs.logger - DEBUG - get_component_by_field: field_name=ci_identification, field_value=315114-0000, multiple=False
2024-08-07 19:41:05,761 - logs.logger - DEBUG - Buscando componentes con ci_identification=315114-0000
2024-08-07 19:41:05,762 - logs.logger - DEBUG - Componentes encontrados: 1
2024-08-07 19:41:09,727 - logs.logger - DEBUG - -----> Request received: /search/ci_identification/315114-0000
2024-08-07 19:41:09,727 - logs.logger - DEBUG - get_component_by_field: field_name=ci_identification, field_value=315114-0000, multiple=False
2024-08-07 19:41:09,727 - logs.logger - DEBUG - Buscando componentes con ci_identification=315114-0000
2024-08-07 19:41:09,730 - logs.logger - DEBUG - Componentes encontrados: 1
2024-08-07 19:41:45,986 - logs.logger - DEBUG - -----> Request received: /search/ci_identification/315114-0000
2024-08-07 19:41:45,986 - logs.logger - DEBUG - get_component_by_field: field_name=ci_identification, field_value=315114-0000, multiple=False
2024-08-07 19:41:45,986 - logs.logger - DEBUG - Buscando componentes con ci_identification=315114-0000
2024-08-07 19:41:45,989 - logs.logger - DEBUG - Componentes encontrados: 1
2024-08-07 19:44:07,214 - logs.logger - DEBUG - -----> Request received: /search/ci_identification/315114-0000
2024-08-07 19:44:07,215 - logs.logger - DEBUG - get_component_by_field: field_name=ci_identification, field_value=315114-0000, multiple=False
2024-08-07 19:44:07,215 - logs.logger - DEBUG - Buscando componentes con ci_identification=315114-0000
2024-08-07 19:44:07,220 - logs.logger - DEBUG - Componentes encontrados: 1
2024-08-07 19:46:12,541 - logs.logger - DEBUG - -----> Request received: /search/ci_identification/315114-0000
2024-08-07 19:46:12,542 - logs.logger - DEBUG - get_component_by_field: field_name=ci_identification, field_value=315114-0000, multiple=False
2024-08-07 19:46:12,542 - logs.logger - DEBUG - Buscando componentes con ci_identification=315114-0000
2024-08-07 19:46:12,547 - logs.logger - DEBUG - Componentes encontrados: 1
2024-08-07 19:49:22,377 - logs.logger - DEBUG - -----> Request received: /search/ci_identification/315114-0000
2024-08-07 19:49:22,377 - logs.logger - DEBUG - get_component_by_field: field_name=ci_identification, field_value=315114-0000, multiple=False
2024-08-07 19:49:22,378 - logs.logger - DEBUG - Buscando componentes con ci_identification=315114-0000
2024-08-07 19:49:22,380 - logs.logger - DEBUG - Componentes encontrados: 1
2024-08-07 20:00:14,731 - logs.logger - DEBUG - -----> Request received: /search/ci_identification/315115-0001
2024-08-07 20:00:14,732 - logs.logger - DEBUG - get_component_by_field: field_name=ci_identification, field_value=315115-0001, multiple=False
2024-08-07 20:00:14,733 - logs.logger - DEBUG - Buscando componentes con ci_identification=315115-0001
2024-08-07 20:00:14,738 - logs.logger - DEBUG - Componentes encontrados: 1
2024-08-07 20:00:18,224 - logs.logger - DEBUG - -----> Request received: /search/ci_identification/315115-0001
2024-08-07 20:00:18,225 - logs.logger - DEBUG - get_component_by_field: field_name=ci_identification, field_value=315115-0001, multiple=False
2024-08-07 20:00:18,225 - logs.logger - DEBUG - Buscando componentes con ci_identification=315115-0001
2024-08-07 20:00:18,228 - logs.logger - DEBUG - Componentes encontrados: 1
2024-08-07 20:00:21,579 - logs.logger - DEBUG - -----> Request received: /search/ci_identification/315115-0001
2024-08-07 20:00:21,581 - logs.logger - DEBUG - get_component_by_field: field_name=ci_identification, field_value=315115-0001, multiple=False
2024-08-07 20:00:21,581 - logs.logger - DEBUG - Buscando componentes con ci_identification=315115-0001
2024-08-07 20:00:21,581 - logs.logger - DEBUG - Componentes encontrados: 1
2024-08-07 20:02:03,938 - logs.logger - DEBUG - -----> Request received: /search/ci_identification/315115-0001
2024-08-07 20:02:03,939 - logs.logger - DEBUG - get_component_by_field: field_name=ci_identification, field_value=315115-0001, multiple=False
2024-08-07 20:02:03,939 - logs.logger - DEBUG - Buscando componentes con ci_identification=315115-0001
2024-08-07 20:02:03,944 - logs.logger - DEBUG - Componentes encontrados: 1
2024-08-07 20:02:13,995 - logs.logger - DEBUG - -----> Request received: /search/ci_identification/315115-0001
2024-08-07 20:02:13,996 - logs.logger - DEBUG - get_component_by_field: field_name=ci_identification, field_value=315115-0001, multiple=False
2024-08-07 20:02:13,996 - logs.logger - DEBUG - Buscando componentes con ci_identification=315115-0001
2024-08-07 20:02:14,000 - logs.logger - DEBUG - Componentes encontrados: 1
